0 verbose cli /Users/tobyj/.nvm/versions/node/v18.19.0/bin/node /Users/tobyj/.nvm/versions/node/v18.19.0/bin/npm
1 info using npm@10.2.3
2 info using node@v18.19.0
3 timing npm:load:whichnode Completed in 0ms
4 timing config:load:defaults Completed in 1ms
5 timing config:load:file:/Users/tobyj/.nvm/versions/node/v18.19.0/lib/node_modules/npm/npmrc Completed in 1ms
6 timing config:load:builtin Completed in 1ms
7 timing config:load:cli Completed in 2ms
8 timing config:load:env Completed in 0ms
9 timing config:load:file:/Users/tobyj/Develop/bright-leasing/.npmrc Completed in 0ms
10 timing config:load:project Completed in 2ms
11 timing config:load:file:/Users/tobyj/.npmrc Completed in 0ms
12 timing config:load:user Completed in 0ms
13 timing config:load:file:/Users/tobyj/.nvm/versions/node/v18.19.0/etc/npmrc Completed in 0ms
14 timing config:load:global Completed in 0ms
15 timing config:load:setEnvs Completed in 1ms
16 timing config:load Completed in 7ms
17 timing npm:load:configload Completed in 7ms
18 timing config:load:flatten Completed in 1ms
19 timing npm:load:mkdirpcache Completed in 0ms
20 timing npm:load:mkdirplogs Completed in 0ms
21 verbose title npm view next@15 version
22 verbose argv "--cache" "./.npm-cache" "view" "next@15" "version"
23 timing npm:load:setTitle Completed in 1ms
24 timing npm:load:display Completed in 0ms
25 verbose logfile logs-max:10 dir:/Users/tobyj/Develop/bright-leasing/.npm-cache/_logs/2026-02-04T07_26_02_085Z-
26 verbose logfile /Users/tobyj/Develop/bright-leasing/.npm-cache/_logs/2026-02-04T07_26_02_085Z-debug-0.log
27 timing npm:load:logFile Completed in 4ms
28 timing npm:load:timers Completed in 0ms
29 timing npm:load:configScope Completed in 0ms
30 timing npm:load Completed in 20ms
31 silly logfile done cleaning log files
32 http fetch GET 200 https://registry.npmjs.org/next 194ms (cache revalidated)
33 timing command:view Completed in 328ms
34 verbose exit 0
35 timing npm Completed in 423ms
36 info ok
