0 verbose cli /Users/tobyj/.nvm/versions/node/v18.19.0/bin/node /Users/tobyj/.nvm/versions/node/v18.19.0/bin/npm
1 info using npm@10.2.3
2 info using node@v18.19.0
3 timing npm:load:whichnode Completed in 1ms
4 timing config:load:defaults Completed in 1ms
5 timing config:load:file:/Users/tobyj/.nvm/versions/node/v18.19.0/lib/node_modules/npm/npmrc Completed in 1ms
6 timing config:load:builtin Completed in 1ms
7 timing config:load:cli Completed in 1ms
8 timing config:load:env Completed in 0ms
9 timing config:load:file:/Users/tobyj/Develop/bright-leasing/.npmrc Completed in 0ms
10 timing config:load:project Completed in 1ms
11 timing config:load:file:/Users/tobyj/.npmrc Completed in 0ms
12 timing config:load:user Completed in 0ms
13 timing config:load:file:/Users/tobyj/.nvm/versions/node/v18.19.0/etc/npmrc Completed in 0ms
14 timing config:load:global Completed in 0ms
15 timing config:load:setEnvs Completed in 0ms
16 timing config:load Completed in 5ms
17 timing npm:load:configload Completed in 5ms
18 timing config:load:flatten Completed in 1ms
19 timing npm:load:mkdirpcache Completed in 0ms
20 timing npm:load:mkdirplogs Completed in 0ms
21 verbose title npm view next version
22 verbose argv "--cache" "./.npm-cache" "view" "next" "version"
23 timing npm:load:setTitle Completed in 1ms
24 timing npm:load:display Completed in 0ms
25 verbose logfile logs-max:10 dir:/Users/tobyj/Develop/bright-leasing/.npm-cache/_logs/2026-02-04T07_25_53_966Z-
26 verbose logfile /Users/tobyj/Develop/bright-leasing/.npm-cache/_logs/2026-02-04T07_25_53_966Z-debug-0.log
27 timing npm:load:logFile Completed in 4ms
28 timing npm:load:timers Completed in 0ms
29 timing npm:load:configScope Completed in 0ms
30 timing npm:load Completed in 17ms
31 silly logfile done cleaning log files
32 http fetch GET 200 https://registry.npmjs.org/npm 205ms (cache miss)
33 http fetch GET 200 https://registry.npmjs.org/next 597ms (cache miss)
34 timing command:view Completed in 770ms
35 notice
35 notice New major version of npm available! 10.2.3 -> 11.8.0
35 notice Changelog: <https://github.com/npm/cli/releases/tag/v11.8.0>
35 notice Run `npm install -g npm@11.8.0` to update!
35 notice
36 verbose exit 0
37 timing npm Completed in 864ms
38 info ok
